{
  "RSpec": {
    "coverage": {
      "c:/Users/currys/documents/html/checkpoint_2/tushot/app/helpers/application_helper.rb": [
        1,
        null,
        null,
        null
      ],
      "c:/Users/currys/documents/html/checkpoint_2/tushot/app/helpers/index_helper.rb": [
        1,
        null
      ],
      "c:/Users/currys/documents/html/checkpoint_2/tushot/app/helpers/links_helper.rb": [
        1,
        null,
        null
      ],
      "c:/Users/currys/documents/html/checkpoint_2/tushot/app/helpers/sessions_helper.rb": [
        1,
        null
      ],
      "c:/Users/currys/documents/html/checkpoint_2/tushot/app/helpers/users_helper.rb": [
        1,
        null
      ],
      "c:/Users/currys/documents/html/checkpoint_2/tushot/app/controllers/links_controller.rb": [
        1,
        null,
        1,
        null,
        1,
        1,
        1,
        1,
        1,
        null,
        null,
        null,
        1,
        0,
        0,
        0,
        null,
        null,
        null,
        0,
        null,
        null,
        null,
        0,
        0,
        null,
        null,
        null,
        null,
        1,
        0,
        null,
        0,
        0,
        0,
        0,
        null,
        0,
        null,
        null,
        null,
        1,
        null,
        null,
        null,
        1,
        null,
        null,
        1,
        null,
        null,
        null,
        1,
        null,
        1,
        0,
        null,
        null,
        1,
        0,
        null,
        null
      ],
      "c:/Users/currys/documents/html/checkpoint_2/tushot/app/controllers/application_controller.rb": [
        1,
        null,
        null,
        1,
        null,
        1,
        1,
        null,
        null,
        1,
        null,
        1,
        0,
        null,
        null,
        null
      ],
      "c:/Users/currys/documents/html/checkpoint_2/tushot/spec/controllers/sessions_controller_spec.rb": [
        1,
        2,
        2,
        2,
        2,
        2,
        null,
        null,
        1,
        1,
        1,
        0,
        null,
        null,
        null,
        1,
        1,
        1,
        null,
        null,
        null,
        1,
        2,
        null,
        null,
        1,
        2,
        null,
        null
      ],
      "c:/Users/currys/documents/html/checkpoint_2/tushot/app/controllers/sessions_controller.rb": [
        null,
        1,
        1,
        0,
        null,
        null,
        1,
        0,
        null,
        0,
        null,
        null,
        null,
        null,
        null,
        0,
        0,
        null,
        null,
        0,
        0,
        null,
        null,
        null,
        1,
        0,
        0,
        null,
        null,
        null,
        null,
        null,
        null,
        null,
        null,
        null,
        null,
        null,
        null,
        null,
        null
      ],
      "c:/Users/currys/documents/html/checkpoint_2/tushot/spec/controllers/users_controller_spec.rb": [
        1,
        null,
        1,
        null,
        null
      ],
      "c:/Users/currys/documents/html/checkpoint_2/tushot/app/controllers/users_controller.rb": [
        1,
        null,
        1,
        null,
        null,
        1,
        0,
        0,
        0,
        0,
        0,
        null,
        0,
        0,
        null,
        null,
        null,
        null,
        1,
        0,
        0,
        0,
        0,
        null,
        0,
        0,
        0,
        0,
        null,
        null,
        null,
        1,
        null,
        null,
        null,
        null,
        null,
        null,
        1,
        null,
        1,
        0,
        null,
        null
      ],
      "c:/Users/currys/documents/html/checkpoint_2/tushot/spec/helpers/links_helper_spec.rb": [
        null,
        null,
        null,
        null,
        null,
        null,
        null,
        null,
        null,
        null,
        null,
        null,
        null,
        null,
        null
      ],
      "c:/Users/currys/documents/html/checkpoint_2/tushot/spec/helpers/users_helper_spec.rb": [
        null,
        null,
        null,
        null,
        null,
        null,
        null,
        null,
        null,
        null,
        null,
        null,
        null,
        null,
        null
      ],
      "c:/Users/currys/documents/html/checkpoint_2/tushot/spec/integration/guest_url_shorten_spec.rb": [
        1,
        null,
        1,
        1,
        1,
        1,
        1,
        1,
        1,
        1,
        null,
        null,
        null
      ],
      "c:/Users/currys/documents/html/checkpoint_2/tushot/spec/models/link_spec.rb": [
        1,
        null,
        1,
        1,
        3,
        null,
        null,
        1,
        null,
        1,
        1,
        1,
        1,
        1,
        null,
        null,
        1,
        1,
        1,
        1,
        1,
        null,
        null,
        null,
        null
      ],
      "c:/Users/currys/documents/html/checkpoint_2/tushot/app/models/link.rb": [
        1,
        null,
        2,
        2,
        null,
        null,
        1,
        1,
        null,
        null,
        1,
        1,
        null,
        1,
        null,
        null,
        2,
        2,
        1,
        0,
        null,
        1,
        null,
        null,
        1,
        null,
        2,
        null,
        null,
        null,
        1,
        1,
        null,
        null
      ],
      "c:/Users/currys/documents/html/checkpoint_2/tushot/spec/models/user_spec.rb": [
        1,
        null,
        1,
        11,
        8,
        9,
        7,
        11,
        null,
        2,
        null,
        1,
        1,
        2,
        2,
        null,
        null,
        1,
        2,
        2,
        null,
        null,
        1,
        2,
        2,
        null,
        null,
        null,
        1,
        1,
        2,
        2,
        null,
        null,
        1,
        2,
        2,
        null,
        null,
        null,
        1,
        1,
        2,
        2,
        null,
        null,
        1,
        2,
        2,
        null,
        null,
        null,
        1,
        1,
        2,
        2,
        null,
        null,
        1,
        2,
        2,
        null,
        null,
        null,
        null
      ],
      "c:/Users/currys/documents/html/checkpoint_2/tushot/app/models/user.rb": [
        1,
        1,
        1,
        null,
        1,
        null,
        null,
        null,
        1,
        null,
        null,
        null,
        null,
        1,
        1,
        null
      ]
    },
    "timestamp": 1447285076
  }
}
