{
  "RSpec": {
    "coverage": {
      "c:/Users/currys/documents/html/checkpoint_2/tushot/app/helpers/application_helper.rb": [
        1,
        null,
        null,
        null
      ],
      "c:/Users/currys/documents/html/checkpoint_2/tushot/app/helpers/index_helper.rb": [
        1,
        null
      ],
      "c:/Users/currys/documents/html/checkpoint_2/tushot/app/helpers/links_helper.rb": [
        1,
        null,
        null
      ],
      "c:/Users/currys/documents/html/checkpoint_2/tushot/app/helpers/sessions_helper.rb": [
        1,
        null
      ],
      "c:/Users/currys/documents/html/checkpoint_2/tushot/app/helpers/users_helper.rb": [
        1,
        null
      ],
      "c:/Users/currys/documents/html/checkpoint_2/tushot/app/controllers/users_controller.rb": [
        1,
        null,
        1,
        null,
        null,
        1,
        7,
        7,
        3,
        3,
        3,
        null,
        4,
        4,
        null,
        null,
        null,
        1,
        17,
        17,
        0,
        0,
        null,
        17,
        17,
        17,
        17,
        null,
        null,
        1,
        null,
        null,
        null,
        null,
        1,
        1,
        7,
        null,
        null
      ],
      "c:/Users/currys/documents/html/checkpoint_2/tushot/app/controllers/application_controller.rb": [
        1,
        null,
        null,
        1,
        null,
        1,
        130,
        null,
        null,
        1,
        null,
        1,
        0,
        null,
        null,
        null
      ],
      "c:/Users/currys/documents/html/checkpoint_2/tushot/app/models/link.rb": [
        1,
        null,
        23,
        23,
        null,
        null,
        1,
        1,
        null,
        1,
        null,
        1,
        null,
        1,
        null,
        8,
        8,
        7,
        null,
        1,
        null,
        6,
        null,
        null,
        1,
        null,
        8,
        null,
        null,
        null,
        1,
        7,
        null,
        null,
        1,
        1,
        null,
        null
      ],
      "c:/Users/currys/documents/html/checkpoint_2/tushot/app/models/user.rb": [
        1,
        6,
        1,
        1,
        null,
        1,
        null,
        null,
        null,
        1,
        null,
        null,
        null,
        null,
        1,
        1,
        null
      ],
      "c:/Users/currys/documents/html/checkpoint_2/tushot/app/controllers/links_controller.rb": [
        1,
        1,
        null,
        1,
        null,
        1,
        5,
        5,
        5,
        5,
        5,
        null,
        null,
        1,
        null,
        null,
        null,
        0,
        0,
        0,
        0,
        null,
        null,
        0,
        0,
        null,
        null,
        null,
        null,
        1,
        2,
        null,
        2,
        1,
        1,
        1,
        1,
        1,
        1,
        1,
        null,
        0,
        0,
        null,
        null,
        null,
        1,
        null,
        null,
        null,
        1,
        null,
        2,
        0,
        0,
        null,
        2,
        2,
        2,
        2,
        null,
        null,
        1,
        0,
        0,
        0,
        0,
        null,
        null,
        1,
        1,
        1,
        1,
        1,
        1,
        1,
        null,
        0,
        0,
        null,
        null,
        null,
        1,
        1,
        1,
        1,
        null,
        null,
        1,
        null,
        1,
        0,
        null,
        null,
        1,
        0,
        null,
        null,
        1,
        0,
        0,
        0,
        null,
        null,
        null,
        null,
        null
      ],
      "c:/Users/currys/documents/html/checkpoint_2/tushot/app/models/browser.rb": [
        1,
        1,
        1,
        1,
        1,
        0,
        0,
        null,
        0,
        null,
        null,
        0,
        null,
        0,
        null,
        0,
        null,
        1,
        null,
        null
      ],
      "c:/Users/currys/documents/html/checkpoint_2/tushot/app/controllers/sessions_controller.rb": [
        null,
        1,
        1,
        9,
        null,
        null,
        1,
        8,
        null,
        8,
        null,
        null,
        null,
        null,
        null,
        8,
        8,
        null,
        null,
        0,
        0,
        null,
        null,
        null,
        1,
        0,
        0,
        null,
        null,
        null
      ],
      "c:/Users/currys/documents/html/checkpoint_2/tushot/app/models/detail.rb": [
        1,
        null,
        null,
        1,
        null,
        1,
        2,
        null,
        null,
        1,
        2,
        null,
        null,
        1,
        2,
        null,
        null,
        null
      ]
    },
    "timestamp": 1448474010
  }
}
